<?xml version="1.0" encoding="UTF-8"?>
<!-- Generated by org.testng.reporters.JUnitXMLReporter -->
<testsuite ignored="0" hostname="ATMECSCBELT-022" failures="1" tests="1" name="InvalidPassword" time="5.473" errors="0" timestamp="2023-03-15T21:13:38 IST">
  <testcase classname="org.qa.orangehrm.testscripts.LoginTest" name="validCredentials" time="0.0">
    <failure type="org.testng.TestNGException" message="
Parameter &amp;apos;TestID&amp;apos; is required by @Test on method validCredentials but has not been marked @Optional or defined
in D:\FinalProject\OrangeHRM\src\test\resources\suitefiles\login.xml">
      <![CDATA[org.testng.TestNGException: 
Parameter 'TestID' is required by @Test on method validCredentials but has not been marked @Optional or defined
in D:\FinalProject\OrangeHRM\src\test\resources\suitefiles\login.xml
at java.base/java.util.ArrayList.forEach(ArrayList.java:1511)
... Removed 26 stack frames]]>
    </failure>
  </testcase> <!-- validCredentials -->
</testsuite> <!-- InvalidPassword -->
