<?xml version="1.0" encoding="UTF-8"?>
<!-- Generated by org.testng.reporters.JUnitXMLReporter -->
<testsuite ignored="0" hostname="ATMECSCBELT-022" failures="3" tests="3" name="VacancyTest" time="8.296" errors="0" timestamp="2023-03-20T15:33:17 IST">
  <testcase classname="org.qa.orangehrm.testscripts.RecruitmentTest" name="addCandidateOne" time="0.0">
    <failure type="org.testng.TestNGException" message="
Parameter &amp;apos;testCase&amp;apos; is required by @Test on method addCandidateOne but has not been marked @Optional or defined
in D:\FinalProject\OrangeHRM\src\test\resources\suitefiles\Recruitment.xml">
      <![CDATA[org.testng.TestNGException: 
Parameter 'testCase' is required by @Test on method addCandidateOne but has not been marked @Optional or defined
in D:\FinalProject\OrangeHRM\src\test\resources\suitefiles\Recruitment.xml
at java.base/java.util.ArrayList.forEach(ArrayList.java:1511)
at org.qa.orangehrm.runner.Runner.running(Runner.java:24)
at java.base/java.util.ArrayList.forEach(ArrayList.java:1511)
... Removed 51 stack frames]]>
    </failure>
  </testcase> <!-- addCandidateOne -->
  <testcase classname="org.qa.orangehrm.testscripts.RecruitmentTest" name="addCandidateTwo" time="0.0">
    <failure type="org.testng.TestNGException" message="
Parameter &amp;apos;testCase&amp;apos; is required by @Test on method addCandidateTwo but has not been marked @Optional or defined
in D:\FinalProject\OrangeHRM\src\test\resources\suitefiles\Recruitment.xml">
      <![CDATA[org.testng.TestNGException: 
Parameter 'testCase' is required by @Test on method addCandidateTwo but has not been marked @Optional or defined
in D:\FinalProject\OrangeHRM\src\test\resources\suitefiles\Recruitment.xml
at java.base/java.util.ArrayList.forEach(ArrayList.java:1511)
at org.qa.orangehrm.runner.Runner.running(Runner.java:24)
at java.base/java.util.ArrayList.forEach(ArrayList.java:1511)
... Removed 51 stack frames]]>
    </failure>
  </testcase> <!-- addCandidateTwo -->
  <testcase classname="org.qa.orangehrm.testscripts.RecruitmentTest" name="addCandidateThree" time="0.0">
    <failure type="org.testng.TestNGException" message="
Parameter &amp;apos;testCase&amp;apos; is required by @Test on method addCandidateThree but has not been marked @Optional or defined
in D:\FinalProject\OrangeHRM\src\test\resources\suitefiles\Recruitment.xml">
      <![CDATA[org.testng.TestNGException: 
Parameter 'testCase' is required by @Test on method addCandidateThree but has not been marked @Optional or defined
in D:\FinalProject\OrangeHRM\src\test\resources\suitefiles\Recruitment.xml
at java.base/java.util.ArrayList.forEach(ArrayList.java:1511)
at org.qa.orangehrm.runner.Runner.running(Runner.java:24)
at java.base/java.util.ArrayList.forEach(ArrayList.java:1511)
... Removed 51 stack frames]]>
    </failure>
  </testcase> <!-- addCandidateThree -->
</testsuite> <!-- VacancyTest -->
